#
# There is insufficient memory for the Java Runtime Environment to continue.
# Native memory allocation (mmap) failed to map 266338304 bytes for G1 virtual space
# Possible reasons:
#   The system is out of physical RAM or swap space
#   The process is running with CompressedOops enabled, and the Java Heap may be blocking the growth of the native heap
# Possible solutions:
#   Reduce memory load on the system
#   Increase physical memory or swap space
#   Check if swap backing store is full
#   Decrease Java heap size (-Xmx/-Xms)
#   Decrease number of Java threads
#   Decrease Java thread stack sizes (-Xss)
#   Set larger code cache with -XX:ReservedCodeCacheSize=
#   JVM is running with Zero Based Compressed Oops mode in which the Java heap is
#     placed in the first 32GB address space. The Java Heap base address is the
#     maximum limit for the native heap growth. Please use -XX:HeapBaseMinAddress
#     to set the Java Heap base and to place the Java Heap above 32GB virtual address.
# This output file may be truncated or incomplete.
#
#  Out of Memory Error (os_windows.cpp:3551), pid=16732, tid=17152
#
# JRE version:  (17.0.16+12) (build )
# Java VM: Java HotSpot(TM) 64-Bit Server VM (17.0.16+12-LTS-247, mixed mode, sharing, tiered, compressed oops, compressed class ptrs, g1 gc, windows-amd64)
# No core dump will be written. Minidumps are not enabled by default on client versions of Windows
#

---------------  S U M M A R Y ------------

Command Line: org.jetbrains.kotlin.cli.jvm.K2JVMCompiler @E:\Ohm-Lab-Management-System\frontend-mobile\node_modules\@react-native\gradle-plugin\shared\build\20250729_7327546173343845822.compiler.options

Host: Intel(R) Core(TM) i5-10210U CPU @ 1.60GHz, 8 cores, 15G,  Windows 11 , 64 bit Build 26100 (10.0.26100.4484)
Time: Tue Jul 29 16:35:29 2025 SE Asia Standard Time elapsed time: 0.011151 seconds (0d 0h 0m 0s)

---------------  T H R E A D  ---------------

Current thread (0x000001524cafdea0):  JavaThread "Unknown thread" [_thread_in_vm, id=17152, stack(0x000000150f300000,0x000000150f400000)]

Stack: [0x000000150f300000,0x000000150f400000]
Native frames: (J=compiled Java code, j=interpreted, Vv=VM code, C=native code)
V  [jvm.dll+0x67a46a]
V  [jvm.dll+0x7da77d]
V  [jvm.dll+0x7dc0c3]
V  [jvm.dll+0x7dc733]
V  [jvm.dll+0x24523f]
V  [jvm.dll+0x677499]
V  [jvm.dll+0x66c122]
V  [jvm.dll+0x302156]
V  [jvm.dll+0x3096f6]
V  [jvm.dll+0x35a04e]
V  [jvm.dll+0x35a27f]
V  [jvm.dll+0x2d9228]
V  [jvm.dll+0x2da194]
V  [jvm.dll+0x7acf61]
V  [jvm.dll+0x3678b1]
V  [jvm.dll+0x78bf39]
V  [jvm.dll+0x3ecc6e]
V  [jvm.dll+0x3ee8a1]
C  [jli.dll+0x5297]
C  [ucrtbase.dll+0x37b0]
C  [KERNEL32.DLL+0x2e8d7]
C  [ntdll.dll+0x3c34c]


---------------  P R O C E S S  ---------------

Threads class SMR info:
_java_thread_list=0x00007ffcae6d8a18, length=0, elements={
}

Java Threads: ( => current thread )

Other Threads:
  0x000001524cb6beb0 GCTaskThread "GC Thread#0" [stack: 0x000000150f400000,0x000000150f500000] [id=17444]
  0x000001524cb7dfa0 ConcurrentGCThread "G1 Main Marker" [stack: 0x000000150f500000,0x000000150f600000] [id=19764]
  0x000001524cb7f680 ConcurrentGCThread "G1 Conc#0" [stack: 0x000000150f600000,0x000000150f700000] [id=1852]

[error occurred during error reporting (printing all threads), id 0xc0000005, EXCEPTION_ACCESS_VIOLATION (0xc0000005) at pc=0x00007ffcadf09d17]

VM state: not at safepoint (not fully initialized)

VM Mutex/Monitor currently owned by a thread:  ([mutex/lock_event])
[0x000001524cafaaa0] Heap_lock - owner thread: 0x000001524cafdea0

Heap address: 0x0000000702600000, size: 4058 MB, Compressed Oops mode: Zero based, Oop shift amount: 3

CDS archive(s) mapped at: [0x0000000000000000-0x0000000000000000-0x0000000000000000), size 0, SharedBaseAddress: 0x0000000800000000, ArchiveRelocationMode: 1.
Narrow klass base: 0x0000000000000000, Narrow klass shift: 0, Narrow klass range: 0x0

GC Precious Log:
<Empty>

Heap:
 garbage-first heap   total 0K, used 0K [0x0000000702600000, 0x0000000800000000)
  region size 2048K, 0 young (0K), 0 survivors (0K)

[error occurred during error reporting (printing heap information), id 0xc0000005, EXCEPTION_ACCESS_VIOLATION (0xc0000005) at pc=0x00007ffcae2f3c09]

GC Heap History (0 events):
No events

Deoptimization events (0 events):
No events

Classes unloaded (0 events):
No events

Classes redefined (0 events):
No events

Internal exceptions (0 events):
No events

VM Operations (0 events):
No events

Events (1 events):
Event: 0.008 Loaded shared library C:\Program Files\Java\jdk-17\bin\java.dll


Dynamic libraries:
0x00007ff6dce50000 - 0x00007ff6dce60000 	C:\Program Files\Java\jdk-17\bin\java.exe
0x00007ffd564e0000 - 0x00007ffd56748000 	C:\WINDOWS\SYSTEM32\ntdll.dll
0x00007ffd551a0000 - 0x00007ffd55269000 	C:\WINDOWS\System32\KERNEL32.DLL
0x00007ffd536d0000 - 0x00007ffd53abd000 	C:\WINDOWS\System32\KERNELBASE.dll
0x00007ffd53c10000 - 0x00007ffd53d5b000 	C:\WINDOWS\System32\ucrtbase.dll
0x00007ffd23460000 - 0x00007ffd23479000 	C:\Program Files\Java\jdk-17\bin\jli.dll
0x00007ffd24e10000 - 0x00007ffd24e2b000 	C:\Program Files\Java\jdk-17\bin\VCRUNTIME140.dll
0x00007ffd55e80000 - 0x00007ffd55f34000 	C:\WINDOWS\System32\ADVAPI32.dll
0x00007ffd549d0000 - 0x00007ffd54a79000 	C:\WINDOWS\System32\msvcrt.dll
0x00007ffd550f0000 - 0x00007ffd55196000 	C:\WINDOWS\System32\sechost.dll
0x00007ffd55f40000 - 0x00007ffd56058000 	C:\WINDOWS\System32\RPCRT4.dll
0x00007ffd561a0000 - 0x00007ffd5636c000 	C:\WINDOWS\System32\USER32.dll
0x00007ffd54110000 - 0x00007ffd54137000 	C:\WINDOWS\System32\win32u.dll
0x00007ffd56370000 - 0x00007ffd5639b000 	C:\WINDOWS\System32\GDI32.dll
0x00007ffd54140000 - 0x00007ffd54277000 	C:\WINDOWS\System32\gdi32full.dll
0x00007ffd53ee0000 - 0x00007ffd53f83000 	C:\WINDOWS\System32\msvcp_win.dll
0x00007ffd41f30000 - 0x00007ffd421ca000 	C:\WINDOWS\WinSxS\amd64_microsoft.windows.common-controls_6595b64144ccf1df_6.0.26100.4484_none_3e0e6d4ce32ef3b3\COMCTL32.dll
0x00007ffd4c0e0000 - 0x00007ffd4c0eb000 	C:\WINDOWS\SYSTEM32\VERSION.dll
0x00007ffd55d30000 - 0x00007ffd55d5f000 	C:\WINDOWS\System32\IMM32.DLL
0x00007ffd43a00000 - 0x00007ffd43a0c000 	C:\Program Files\Java\jdk-17\bin\vcruntime140_1.dll
0x00007ffcf2810000 - 0x00007ffcf289e000 	C:\Program Files\Java\jdk-17\bin\msvcp140.dll
0x00007ffcadc20000 - 0x00007ffcae801000 	C:\Program Files\Java\jdk-17\bin\server\jvm.dll
0x00007ffd560e0000 - 0x00007ffd560e8000 	C:\WINDOWS\System32\PSAPI.DLL
0x00007ffd31520000 - 0x00007ffd31555000 	C:\WINDOWS\SYSTEM32\WINMM.dll
0x00007ffd3d720000 - 0x00007ffd3d72a000 	C:\WINDOWS\SYSTEM32\WSOCK32.dll
0x00007ffd56060000 - 0x00007ffd560d4000 	C:\WINDOWS\System32\WS2_32.dll
0x00007ffd523d0000 - 0x00007ffd523eb000 	C:\WINDOWS\SYSTEM32\kernel.appcore.dll
0x00007ffd3d060000 - 0x00007ffd3d06a000 	C:\Program Files\Java\jdk-17\bin\jimage.dll
0x00007ffd50cd0000 - 0x00007ffd50f11000 	C:\WINDOWS\SYSTEM32\DBGHELP.DLL
0x00007ffd55370000 - 0x00007ffd556f6000 	C:\WINDOWS\System32\combase.dll
0x00007ffd55c40000 - 0x00007ffd55d20000 	C:\WINDOWS\System32\OLEAUT32.dll
0x00007ffd38110000 - 0x00007ffd38153000 	C:\WINDOWS\SYSTEM32\dbgcore.DLL
0x00007ffd53630000 - 0x00007ffd536c9000 	C:\WINDOWS\System32\bcryptPrimitives.dll
0x00007ffd05690000 - 0x00007ffd056b5000 	C:\Program Files\Java\jdk-17\bin\java.dll

dbghelp: loaded successfully - version: 4.0.5 - missing functions: none
symbol engine: initialized successfully - sym options: 0x614 - pdb path: .;C:\Program Files\Java\jdk-17\bin;C:\WINDOWS\SYSTEM32;C:\WINDOWS\WinSxS\amd64_microsoft.windows.common-controls_6595b64144ccf1df_6.0.26100.4484_none_3e0e6d4ce32ef3b3;C:\Program Files\Java\jdk-17\bin\server

VM Arguments:
java_command: org.jetbrains.kotlin.cli.jvm.K2JVMCompiler @E:\Ohm-Lab-Management-System\frontend-mobile\node_modules\@react-native\gradle-plugin\shared\build\20250729_7327546173343845822.compiler.options
java_class_path (initial): C:\Users\Dell\.gradle\caches\modules-2\files-2.1\org.jetbrains.kotlin\kotlin-compiler-embeddable\2.0.21\79346ed53db48b18312a472602eb5c057070c54d\kotlin-compiler-embeddable-2.0.21.jar;C:\Users\Dell\.gradle\caches\modules-2\files-2.1\org.jetbrains.kotlin\kotlin-stdlib\2.0.21\618b539767b4899b4660a83006e052b63f1db551\kotlin-stdlib-2.0.21.jar;C:\Users\Dell\.gradle\caches\modules-2\files-2.1\org.jetbrains.kotlin\kotlin-script-runtime\2.0.21\c9b044380ad41f89aa89aa896c2d32a8c0b2129d\kotlin-script-runtime-2.0.21.jar;C:\Users\Dell\.gradle\caches\modules-2\files-2.1\org.jetbrains.kotlin\kotlin-reflect\1.6.10\1cbe9c92c12a94eea200d23c2bbaedaf3daf5132\kotlin-reflect-1.6.10.jar;C:\Users\Dell\.gradle\caches\modules-2\files-2.1\org.jetbrains.kotlin\kotlin-daemon-embeddable\2.0.21\c9e933b23287de9b5a17e2116b4657bb91aea72c\kotlin-daemon-embeddable-2.0.21.jar;C:\Users\Dell\.gradle\caches\modules-2\files-2.1\org.jetbrains.intellij.deps\trove4j\1.0.20200330\3afb14d5f9ceb459d724e907a21145e8ff394f02\trove4j-1.0.20200330.jar;C:\Users\Dell\.gradle\caches\modules-2\files-2.1\org.jetbrains.kotlinx\kotlinx-coroutines-core-jvm\1.6.4\2c997cd1c0ef33f3e751d3831929aeff1390cb30\kotlinx-coroutines-core-jvm-1.6.4.jar;C:\Users\Dell\.gradle\caches\modules-2\files-2.1\org.jetbrains\annotations\13.0\919f0dfe192fb4e063e7dacadee7f8bb9a2672a9\annotations-13.0.jar
Launcher Type: SUN_STANDARD

[Global flags]
     intx CICompilerCount                          = 4                                         {product} {ergonomic}
     uint ConcGCThreads                            = 2                                         {product} {ergonomic}
     uint G1ConcRefinementThreads                  = 8                                         {product} {ergonomic}
   size_t G1HeapRegionSize                         = 2097152                                   {product} {ergonomic}
    uintx GCDrainStackTargetSize                   = 64                                        {product} {ergonomic}
   size_t InitialHeapSize                          = 266338304                                 {product} {ergonomic}
   size_t MarkStackSize                            = 4194304                                   {product} {ergonomic}
   size_t MaxHeapSize                              = 4255121408                                {product} {ergonomic}
   size_t MinHeapDeltaBytes                        = 2097152                                   {product} {ergonomic}
   size_t MinHeapSize                              = 8388608                                   {product} {ergonomic}
    uintx NonNMethodCodeHeapSize                   = 5839372                                {pd product} {ergonomic}
    uintx NonProfiledCodeHeapSize                  = 122909434                              {pd product} {ergonomic}
    uintx ProfiledCodeHeapSize                     = 122909434                              {pd product} {ergonomic}
    uintx ReservedCodeCacheSize                    = 251658240                              {pd product} {ergonomic}
     bool SegmentedCodeCache                       = true                                      {product} {ergonomic}
   size_t SoftMaxHeapSize                          = 4255121408                             {manageable} {ergonomic}
     bool UseCompressedClassPointers               = true                           {product lp64_product} {ergonomic}
     bool UseCompressedOops                        = true                           {product lp64_product} {ergonomic}
     bool UseG1GC                                  = true                                      {product} {ergonomic}
     bool UseLargePagesIndividualAllocation        = false                                  {pd product} {ergonomic}

Logging:
Log output configuration:
 #0: stdout all=warning uptime,level,tags
 #1: stderr all=off uptime,level,tags

Environment Variables:
JAVA_HOME=C:\Program Files\Java\jdk-17
CLASSPATH=E:\Ohm-Lab-Management-System\frontend-mobile\android\\gradle\wrapper\gradle-wrapper.jar
PATH=C:\Program Files\Java\jdk-17\bin;C:\Python311\Scripts\;C:\Python311\;C:\WINDOWS\system32;C:\WINDOWS;C:\WINDOWS\System32\Wbem;C:\WINDOWS\System32\WindowsPowerShell\v1.0\;C:\WINDOWS\System32\OpenSSH\;C:\Program Files (x86)\Intel\Intel(R) Management Engine Components\DAL;C:\Program Files\Intel\Intel(R) Management Engine Components\DAL;C:\Program Files\dotnet\;C:\Program Files\Microsoft SQL Server\Client SDK\ODBC\170\Tools\Binn\;C:\Program Files (x86)\Microsoft SQL Server\150\Tools\Binn\;C:\Program Files\Microsoft SQL Server\150\Tools\Binn\;C:\Program Files\Microsoft SQL Server\150\DTS\Binn\;C:\Program Files\Azure Data Studio\bin;C:\Program Files (x86)\Microsoft SQL Server\150\DTS\Binn\;C:\ProgramData\chocolatey\bin;C:\Program Files\Git\cmd;C:\Program Files\apache-tomcat-11.0.0-M6\BIN;C:\Program Files\nodejs\;C:\Program Files\GitHub CLI\;C:\Program Files\apache-ant-1.10.15\bin;C:\Users\Dell\AppData\Local\Microsoft\WindowsApps;C:\Users\Dell\AppData\Local\Programs\Microsoft VS Code\bin;C:\Program Files\Azure Data Studio\bin;C:\Users\Dell\.dotnet\tools;C:\ProgramData\Dell\GitHubDesktop\bin;C:\Users\Dell\AppData\Roaming\npm
USERNAME=Dell
OS=Windows_NT
PROCESSOR_IDENTIFIER=Intel64 Family 6 Model 142 Stepping 12, GenuineIntel



---------------  S Y S T E M  ---------------

OS:
 Windows 11 , 64 bit Build 26100 (10.0.26100.4484)
OS uptime: 0 days 20:22 hours

CPU: total 8 (initial active 8) (4 cores per cpu, 2 threads per core) family 6 model 142 stepping 12 microcode 0xf8, cx8, cmov, fxsr, ht, mmx, 3dnowpref, sse, sse2, sse3, ssse3, sse4.1, sse4.2, popcnt, lzcnt, tsc, tscinvbit, avx, avx2, aes, erms, clmul, bmi1, bmi2, adx, fma, vzeroupper, clflush, clflushopt

Memory: 4k page, system-wide physical 16231M (2615M free)
TotalPageFile size 21383M (AvailPageFile size 228M)
current process WorkingSet (physical memory assigned to process): 12M, peak: 12M
current process commit charge ("private bytes"): 60M, peak: 314M

vm_info: Java HotSpot(TM) 64-Bit Server VM (17.0.16+12-LTS-247) for windows-amd64 JRE (17.0.16+12-LTS-247), built on Jun 27 2025 10:11:42 by "mach5one" with MS VC++ 17.6 (VS2022)

END.
